Log message: Cloud Data clawing scheduled at 2024-03-15T20:10:00.031
Log message: Cloud Data clawing executed successfully!
Log message: Radar Data clawing scheduled at 2024-03-15T20:30:00.036
Log message: Radar Data clawing executed successfully!
Log message: Data updating scheduled at 2024-03-18T16:00:00.019
Log message: Data updating execution failed!
Log message: Cloud Data clawing scheduled at 2024-03-18T16:10:00.025
Log message: Cloud Data clawing execution failed!
Log message: Radar Data clawing scheduled at 2024-03-19T04:29:02.694
Log message: Radar Data clawing execution failed!
Log message: Rainfall Data clawing scheduled at 2024-03-19T04:29:02.763
Log message: Rainfall Data clawing execution failed!
Log message: Cloud Data clawing scheduled at 2024-03-19T12:09:59.851
Log message: Error executing cloud Data clawingnull
Log message: Data updating scheduled at 2024-03-19T21:47:00.015
Log message: Data updating execution failed!
Log message: Cloud Data clawing scheduled at 2024-04-09T12:10:00.043
Log message: Error executing cloud Data clawingnull
Log message: Cloud Data clawing scheduled at 2024-04-09T18:10:00.045
Log message: Cloud Data clawing executed successfully!
Log message: Radar Data clawing scheduled at 2024-04-09T18:30:00.057
Log message: Error executing radar Data clawingnull
Log message: Cloud Data clawing scheduled at 2024-04-10T12:10:00.088
Log message: Error executing cloud Data clawingnull
Log message: Data updating scheduled at 2024-04-10T16:00:00.034
Log message: Data updating executed successfully!
Log message: Cloud Data clawing scheduled at 2024-04-10T16:10:00.060
Log message: Error executing cloud Data clawingnull
Log message: Cloud Data clawing scheduled at 2024-04-10T18:10:00.080
Log message: Cloud Data clawing executed successfully!
Log message: Cloud Data clawing scheduled at 2024-04-11T14:10:00.069
Log message: Error executing cloud Data clawingnull
Log message: Rainfall Data clawing scheduled at 2024-04-11T14:50:00.042
Log message: Rainfall Data clawing execution failed!
Log message: Data updating scheduled at 2024-04-11T16:00:00.078
Log message: Data updating executed successfully!
Log message: Cloud Data clawing scheduled at 2024-04-11T16:10:00.016
Log message: Cloud Data clawing executed successfully!
Log message: Cloud Data clawing scheduled at 2024-04-12T14:10:00.052
Log message: Error executing cloud Data clawingnull
Log message: Data updating scheduled at 2024-04-16T16:00:00.117
Log message: Data updating executed successfully!
Log message: FieldGenerating scheduled at 2024-04-19T16:18:26.018
Log message: FieldGenerating executed successfully!
Log message: FieldGenerating scheduled at 2024-04-19T16:18:37.014
Log message: Error executing FieldGeneratingnull
Log message: FieldGenerating scheduled at 2024-04-19T16:29:33.014
Log message: FieldGenerating executed successfully!
Log message: FieldGenerating scheduled at 2024-04-19T16:30:08.020
Log message: FieldGenerating executed successfully!
Log message: FieldGenerating scheduled at 2024-04-19T16:30:19.012
Log message: Error executing FieldGeneratingnull
Log message: FieldGenerating scheduled at 2024-04-19T16:31:00.018
Log message: FieldGenerating executed successfully!
Log message: FieldGenerating scheduled at 2024-04-19T21:00:41.018
Log message: FieldGenerating executed successfully!
Log message: FieldGenerating scheduled at 2024-04-19T21:04:48.011
Log message: FieldGenerating executed successfully!
TxtBuilder4zeta execution scheduled at: {}2024-04-19T21:04:58.900
Log message: TxtBuilder4zeta executed successfully!
Log message: FieldGenerating scheduled at 2024-04-19T21:07:31.014
Log message: Error executing FieldGeneratingnull
